[2025-12-24 06:30:12] local.ERROR: SQLSTATE[HY000] [2002] Connection refused {"exception":"[object] (PDOException(code: 2002): SQLSTATE[HY000] [2002] Connection refused at /Users/ceo/Code/VILT-STARTER-KIT/vendor/laravel/framework/src/Illuminate/Database/Connectors/Connector.php:65)
[stacktrace]
#0 /Users/ceo/Code/VILT-STARTER-KIT/vendor/laravel/framework/src/Illuminate/Database/Connectors/Connector.php(65): PDO->__construct('mysql:host=127....', 'root', Object(SensitiveParameterValue), Array)
#1 /Users/ceo/Code/VILT-STARTER-KIT/vendor/laravel/framework/src/Illuminate/Database/Connectors/Connector.php(83): Illuminate\\Database\\Connectors\\Connector->createPdoConnection('mysql:host=127....', 'root', '', Array)
#2 /Users/ceo/Code/VILT-STARTER-KIT/vendor/laravel/framework/src/Illuminate/Database/Connectors/Connector.php(48): Illuminate\\Database\\Connectors\\Connector->tryAgainIfCausedByLostConnection(Object(PDOException), 'mysql:host=127....', 'root', '', Array)
#3 /Users/ceo/Code/VILT-STARTER-KIT/vendor/laravel/framework/src/Illuminate/Database/Connectors/MySqlConnector.php(24): Illuminate\\Database\\Connectors\\Connector->createConnection('mysql:host=127....', Array, Array)
#4 /Users/ceo/Code/VILT-STARTER-KIT/vendor/laravel/framework/src/Illuminate/Database/Connectors/ConnectionFactory.php(184): Illuminate\\Database\\Connectors\\MySqlConnector->connect(Array)
#5 [internal function]: Illuminate\\Database\\Connectors\\ConnectionFactory->Illuminate\\Database\\Connectors\\{closure}()
#6 /Users/ceo/Code/VILT-STARTER-KIT/vendor/laravel/framework/src/Illuminate/Database/Connection.php(1339): call_user_func(Object(Closure))
#7 /Users/ceo/Code/VILT-STARTER-KIT/vendor/laravel/framework/src/Illuminate/Database/Connection.php(1288): Illuminate\\Database\\Connection->getPdo()
#8 /Users/ceo/Code/VILT-STARTER-KIT/vendor/laravel/framework/src/Illuminate/Database/Connection.php(1272): Illuminate\\Database\\Connection->getDoctrineConnection()
#9 /Users/ceo/Code/VILT-STARTER-KIT/app/Providers/AppServiceProvider.php(29): Illuminate\\Database\\Connection->getDoctrineSchemaManager()
#10 /Users/ceo/Code/VILT-STARTER-KIT/vendor/laravel/framework/src/Illuminate/Container/BoundMethod.php(36): App\\Providers\\AppServiceProvider->boot()
#11 /Users/ceo/Code/VILT-STARTER-KIT/vendor/laravel/framework/src/Illuminate/Container/Util.php(41): Illuminate\\Container\\BoundMethod::Illuminate\\Container\\{closure}()
#12 /Users/ceo/Code/VILT-STARTER-KIT/vendor/laravel/framework/src/Illuminate/Container/BoundMethod.php(93): Illuminate\\Container\\Util::unwrapIfClosure(Object(Closure))
#13 /Users/ceo/Code/VILT-STARTER-KIT/vendor/laravel/framework/src/Illuminate/Container/BoundMethod.php(35): Illuminate\\Container\\BoundMethod::callBoundMethod(Object(Illuminate\\Foundation\\Application), Array, Object(Closure))
#14 /Users/ceo/Code/VILT-STARTER-KIT/vendor/laravel/framework/src/Illuminate/Container/Container.php(662): Illuminate\\Container\\BoundMethod::call(Object(Illuminate\\Foundation\\Application), Array, Array, NULL)
#15 /Users/ceo/Code/VILT-STARTER-KIT/vendor/laravel/framework/src/Illuminate/Foundation/Application.php(1034): Illuminate\\Container\\Container->call(Array)
#16 /Users/ceo/Code/VILT-STARTER-KIT/vendor/laravel/framework/src/Illuminate/Foundation/Application.php(1015): Illuminate\\Foundation\\Application->bootProvider(Object(App\\Providers\\AppServiceProvider))
#17 [internal function]: Illuminate\\Foundation\\Application->Illuminate\\Foundation\\{closure}(Object(App\\Providers\\AppServiceProvider), 25)
#18 /Users/ceo/Code/VILT-STARTER-KIT/vendor/laravel/framework/src/Illuminate/Foundation/Application.php(1014): array_walk(Array, Object(Closure))
#19 /Users/ceo/Code/VILT-STARTER-KIT/vendor/laravel/framework/src/Illuminate/Foundation/Bootstrap/BootProviders.php(17): Illuminate\\Foundation\\Application->boot()
#20 /Users/ceo/Code/VILT-STARTER-KIT/vendor/laravel/framework/src/Illuminate/Foundation/Application.php(263): Illuminate\\Foundation\\Bootstrap\\BootProviders->bootstrap(Object(Illuminate\\Foundation\\Application))
#21 /Users/ceo/Code/VILT-STARTER-KIT/vendor/laravel/framework/src/Illuminate/Foundation/Http/Kernel.php(186): Illuminate\\Foundation\\Application->bootstrapWith(Array)
#22 /Users/ceo/Code/VILT-STARTER-KIT/vendor/laravel/framework/src/Illuminate/Foundation/Http/Kernel.php(170): Illuminate\\Foundation\\Http\\Kernel->bootstrap()
#23 /Users/ceo/Code/VILT-STARTER-KIT/vendor/laravel/framework/src/Illuminate/Foundation/Http/Kernel.php(144): Illuminate\\Foundation\\Http\\Kernel->sendRequestThroughRouter(Object(Illuminate\\Http\\Request))
#24 /Users/ceo/Code/VILT-STARTER-KIT/public/index.php(51): Illuminate\\Foundation\\Http\\Kernel->handle(Object(Illuminate\\Http\\Request))
#25 /Users/ceo/.composer/vendor/laravel/valet/server.php(110): require('/Users/ceo/Code...')
#26 {main}
"} 
