
[2025-09-08 14:27:07] local.INFO: Attempting to get video duration {"video_path":"videos/75336aa6-12e2-4b03-a9f4-5e75e1411e89.mp4","full_path":"/Users/ceo/Code/novus/storage/app/public/videos/75336aa6-12e2-4b03-a9f4-5e75e1411e89.mp4","file_exists":true} 
[2025-09-08 14:27:07] local.INFO: Video duration extracted successfully {"raw_output":"60.046803","seconds":60.046803,"formatted_duration":"1:00"} 
[2025-09-08 14:27:07] local.INFO: Video processing completed {"path":"75336aa6-12e2-4b03-a9f4-5e75e1411e89.mp4","thumbnail":"http://novus.test/thumbnails/37bc760e-eb94-4047-b470-37fe75f50f7c.jpg","duration":"1:00","video_path":"videos/75336aa6-12e2-4b03-a9f4-5e75e1411e89.mp4"} 
[2025-09-08 14:31:13] local.INFO: array (
  'uuid' => 'null',
  'title' => 'Kids Corner',
  'description' => 'Welcome to the Kids\'s Corner! where curiosity meets technology.',
  'sequence' => '5',
  'is_global' => 'null',
  'thumbnail_url' => 'http://novus.test/thumbnails/37bc760e-eb94-4047-b470-37fe75f50f7c.jpg',
  'cover_image' => 'null',
  'video_url' => '75336aa6-12e2-4b03-a9f4-5e75e1411e89.mp4',
  'status' => '2',
  'publish_time' => 'null',
  'duration' => '1:00',
  'category' => 'Kids',
  'views' => '0',
)  
[2025-09-08 14:31:30] local.INFO: Attempting to get video duration {"video_path":"videos/4d1fdfc7-193d-49da-9ccb-a996d0f7b942.mp4","full_path":"/Users/ceo/Code/novus/storage/app/public/videos/4d1fdfc7-193d-49da-9ccb-a996d0f7b942.mp4","file_exists":true} 
[2025-09-08 14:31:30] local.INFO: Video duration extracted successfully {"raw_output":"69.334785","seconds":69.334785,"formatted_duration":"1:09"} 
[2025-09-08 14:31:30] local.INFO: Video processing completed {"path":"4d1fdfc7-193d-49da-9ccb-a996d0f7b942.mp4","thumbnail":"http://novus.test/thumbnails/5f8ef543-feba-4073-be9c-106c9361b6bd.jpg","duration":"1:09","video_path":"videos/4d1fdfc7-193d-49da-9ccb-a996d0f7b942.mp4"} 
[2025-09-08 14:33:41] local.INFO: array (
  'uuid' => 'null',
  'title' => 'Novus Institute',
  'description' => 'A quick tour of Novus Institute. Discover our labs and vibrant learning spaces.',
  'sequence' => '6',
  'is_global' => 'null',
  'thumbnail_url' => 'http://novus.test/thumbnails/5f8ef543-feba-4073-be9c-106c9361b6bd.jpg',
  'cover_image' => 'null',
  'video_url' => '4d1fdfc7-193d-49da-9ccb-a996d0f7b942.mp4',
  'status' => '2',
  'publish_time' => 'null',
  'duration' => '1:09',
  'category' => 'Tour',
  'views' => '0',
)  
